
> @civitics/data@0.0.1 data:fec-bulk C:\Users\Craig\Documents\Civitics\App\packages\data
> tsx --env-file=../../.env.local src/pipelines/fec-bulk/index.ts


=== FEC bulk data pipeline (public, multi-cycle) ===
[pipeline] target: http://127.0.0.1:54321 (local)
  Cycles to process: 2020, 2022, 2024, 2026

  Loading officials and building match index...
    Loaded 9187 active officials
    Initial FEC ID index size: 504

────────── Cycle 2020 ──────────
  [2020 1/5] Downloading FEC bulk files...
    Downloading weball20.zip...
    ✓ weball20.zip (0.2 MB)
    Downloading cm20.zip...
    ✓ cm20.zip (0.7 MB)
    Downloading pas220.zip...
    ✓ pas220.zip (27.6 MB)
  [2020 2/5] Extracting and parsing candidate summary...
    Parsed 3980 candidate rows (0.5 MB)
    Matched by fec_id: 281  by name: 576  not matched: 3123
  [2020 3/5] Building PAC committee index and streaming contributions...
    Committee master: 18,286 committees indexed
    Streaming pas2 (filtering to 1080 known fec_ids)...
    Extracted pas224.txt (151 MB) — streaming line by line...
    Lines read: 887,829
    Passed 24K/24Z filter:    795,903
    Passed candidateSet filter: 291,398
    Passed $200+ filter:       163,696
    PAC pairs matched (committee × candidate): 86,981
  [2020 4/5] Upserting entities + relationships...
    Entities — upserted: 3870  failed: 0
    Relationships — upserted: 86421  failed: 0
  [2020 5/5] Cleaning up cycle 2020 temp files...

────────── Cycle 2022 ──────────
  [2022 1/5] Downloading FEC bulk files...
    Downloading weball22.zip...
    ✓ weball22.zip (0.2 MB)
    Downloading cm22.zip...
    ✓ cm22.zip (0.8 MB)
    Downloading pas222.zip...
    ✓ pas222.zip (24.7 MB)
  [2022 2/5] Extracting and parsing candidate summary...
    Parsed 4152 candidate rows (0.5 MB)
    Matched by fec_id: 685  by name: 214  not matched: 3253
  [2022 3/5] Building PAC committee index and streaming contributions...
    Committee master: 19,794 committees indexed
    Streaming pas2 (filtering to 1294 known fec_ids)...
    Extracted pas224.txt (125 MB) — streaming line by line...
    Lines read: 748,765
    Passed 24K/24Z filter:    665,370
    Passed candidateSet filter: 392,927
    Passed $200+ filter:       166,325
    PAC pairs matched (committee × candidate): 94,431
  [2022 4/5] Upserting entities + relationships...
    Entities — upserted: 3988  failed: 0
    Relationships — upserted: 93946  failed: 0
  [2022 5/5] Cleaning up cycle 2022 temp files...

────────── Cycle 2024 ──────────
  [2024 1/5] Downloading FEC bulk files...
    Downloading weball24.zip...
    ✓ weball24.zip (0.2 MB)
    Downloading cm24.zip...
    ✓ cm24.zip (0.8 MB)
    Downloading pas224.zip...
    ✓ pas224.zip (23.5 MB)
  [2024 2/5] Extracting and parsing candidate summary...
    Parsed 3857 candidate rows (0.5 MB)
    Matched by fec_id: 736  by name: 166  not matched: 2955
  [2024 3/5] Building PAC committee index and streaming contributions...
    Committee master: 20,941 committees indexed
    Streaming pas2 (filtering to 1460 known fec_ids)...
    Extracted pas224.txt (117 MB) — streaming line by line...
    Lines read: 703,597
    Passed 24K/24Z filter:    623,850
    Passed candidateSet filter: 450,684
    Passed $200+ filter:       202,430
    PAC pairs matched (committee × candidate): 111,465
  [2024 4/5] Upserting entities + relationships...
    Entities — upserted: 4087  failed: 0
    Relationships — upserted: 110860  failed: 0
  [2024 5/5] Cleaning up cycle 2024 temp files...

────────── Cycle 2026 ──────────
  [2026 1/5] Downloading FEC bulk files...
    Downloading weball26.zip...
    ✓ weball26.zip (0.2 MB)
    Downloading cm26.zip...
    ✓ cm26.zip (0.8 MB)
    Downloading pas226.zip...
    ✓ pas226.zip (5.0 MB)
  [2026 2/5] Extracting and parsing candidate summary...
    Parsed 4023 candidate rows (0.5 MB)
    Matched by fec_id: 793  by name: 161  not matched: 3069
  [2026 3/5] Building PAC committee index and streaming contributions...
    Committee master: 19,507 committees indexed
    Streaming pas2 (filtering to 1621 known fec_ids)...
    Extracted pas224.txt (23 MB) — streaming line by line...
    Lines read: 134,866
    Passed 24K/24Z filter:    128,050
    Passed candidateSet filter: 116,948
    Passed $200+ filter:       111,300
    PAC pairs matched (committee × candidate): 77,556
  [2026 4/5] Upserting entities + relationships...
    Entities — upserted: 3370  failed: 0
    Relationships — upserted: 77359  failed: 0
  [2026 5/5] Cleaning up cycle 2026 temp files...

  Storing 1117 FEC ID associations across cycles...

  Recomputing financial_entities.total_donated_cents across all cycles...
    Cross-cycle entity totals — upserted: 5777  failed: 0

  ──────────────────────────────────────────────────
  FEC Bulk Pipeline Report (multi-cycle)
  ──────────────────────────────────────────────────
  Cycles processed:                      2020, 2022, 2024, 2026
  Officials matched by fec_id:           2495
  Officials matched by name:             1117
  Officials not matched:                 12400
  Per-cycle entity upserts:              15315
  Per-cycle entity failures:             0
  Cross-cycle final entity upserts:      5777
  Relationships upserted:                368586
  Relationships failed:                  0
  Financial data processed:              ~1.9 MB

  Top 10 PAC donors (cross-cycle):
    NATIONAL ASSOCIATION OF REALTORS POLITICAL ACTION COMMITTEE $10,985,197
    AMERICAN ISRAEL PUBLIC AFFAIRS COMMITTEE POLITICAL ACTION COMMITTEE $9,951,732
    NATIONAL BEER WHOLESALERS ASSOCIATION POLITICAL ACTION COMMITTEE $8,460,000
    AMERICA'S CREDIT UNIONS PAC OF CREDIT UNION NATIONAL ASSOCIATION, INC. $8,062,500
    AMERICAN CRYSTAL SUGAR COMPANY POLITICAL ACTION COMMITTEE $7,742,500
    AMERICAN BANKERS ASSOCIATION PAC (BANKPAC)           $7,591,999
    WINRED                                               $7,314,521
    NATIONAL AUTOMOBILE DEALERS ASSOCIATION POLITICAL ACTION COMMITTEE $7,207,000
    AT&T INC. EMPLOYEE FEDERAL POLITICAL ACTION COMMITTEE (AT&T EMPLOYEE FEDERAL PAC) $6,529,900
    AMERICAN FEDERATION OF STATE COUNTY & MUNICIPAL EMPLOYEES  P E O P L E $6,457,500

  Senate coverage: 99/100 federal senators have ≥1 donation
